============================================================
Dynamic NeRF Training
Network type: straightforward
Data directory: D:\lecture\2.0_xk\CV\finalproject\D_NeRF_Dataset\data\bouncingballs
============================================================
Loaded D-NeRF data: (190, 800, 800, 3), (190, 4, 4), (190,)
Using best checkpoint: D:/lecture/2.0_xk/CV/finalproject/NeRF/vanilla_dynamic\dnerf_straightforward_bouncingballs\best.tar
Found ckpts ['D:/lecture/2.0_xk/CV/finalproject/NeRF/vanilla_dynamic\\dnerf_straightforward_bouncingballs\\best.tar']
Precomputing rays for batched training...
Shuffling rays...
Rays shape: (96000000, 3, 3), Times shape: (96000000, 1)
Begin training
TRAIN views: [  0   1   2   3   4   5   6   7   8   9  10  11  12  13  14  15  16  17
  18  19  20  21  22  23  24  25  26  27  28  29  30  31  32  33  34  35
  36  37  38  39  40  41  42  43  44  45  46  47  48  49  50  51  52  53
  54  55  56  57  58  59  60  61  62  63  64  65  66  67  68  69  70  71
  72  73  74  75  76  77  78  79  80  81  82  83  84  85  86  87  88  89
  90  91  92  93  94  95  96  97  98  99 100 101 102 103 104 105 106 107
 108 109 110 111 112 113 114 115 116 117 118 119 120 121 122 123 124 125
 126 127 128 129 130 131 132 133 134 135 136 137 138 139 140 141 142 143
 144 145 146 147 148 149]
TEST views: [170 171 172 173 174 175 176 177 178 179 180 181 182 183 184 185 186 187
 188 189]
VAL views: [150 151 152 153 154 155 156 157 158 159 160 161 162 163 164 165 166 167
 168 169]
[TRAIN] Iter: 500 Loss: 0.00817 PSNR: 24.13 LR: 4.98e-04
Saved checkpoint at D:/lecture/2.0_xk/CV/finalproject/NeRF/vanilla_dynamic\dnerf_straightforward_bouncingballs\best.tar
[BEST] New best PSNR: 24.13 at iter 500
[TRAIN] Iter: 1000 Loss: 0.00382 PSNR: 26.99 LR: 4.95e-04
Saved checkpoint at D:/lecture/2.0_xk/CV/finalproject/NeRF/vanilla_dynamic\dnerf_straightforward_bouncingballs\best.tar
[BEST] New best PSNR: 26.99 at iter 1000
[TRAIN] Iter: 1500 Loss: 0.00346 PSNR: 27.33 LR: 4.93e-04
Saved checkpoint at D:/lecture/2.0_xk/CV/finalproject/NeRF/vanilla_dynamic\dnerf_straightforward_bouncingballs\best.tar
[BEST] New best PSNR: 27.33 at iter 1500
[TRAIN] Iter: 2000 Loss: 0.00249 PSNR: 29.81 LR: 4.91e-04
Saved checkpoint at D:/lecture/2.0_xk/CV/finalproject/NeRF/vanilla_dynamic\dnerf_straightforward_bouncingballs\best.tar
[BEST] New best PSNR: 29.81 at iter 2000
[TRAIN] Iter: 2500 Loss: 0.00356 PSNR: 27.46 LR: 4.89e-04
[TRAIN] Iter: 3000 Loss: 0.00207 PSNR: 30.31 LR: 4.86e-04
Saved checkpoint at D:/lecture/2.0_xk/CV/finalproject/NeRF/vanilla_dynamic\dnerf_straightforward_bouncingballs\best.tar
[BEST] New best PSNR: 30.31 at iter 3000
[TRAIN] Iter: 3500 Loss: 0.00262 PSNR: 29.77 LR: 4.84e-04
